<?xml version="1.0" encoding="UTF-8"?>
<!-- Generated by org.testng.reporters.JUnitXMLReporter -->
<testsuite hostname="DESKTOP-9PC4BO5" failures="0" tests="3" name="Default test" time="15.51" errors="0" timestamp="23 Feb 2024 12:59:10 GMT">
  <testcase classname="final_project.SelProject" name="product1" time="3.793"/>
  <testcase classname="final_project.SelProject" name="product2" time="3.132"/>
  <testcase classname="final_project.SelProject" name="product3" time="4.16"/>
</testsuite> <!-- Default test -->
