<?xml version="1.0" encoding="UTF-8"?>
<testng-results total="3" passed="3" failed="0" skipped="0">
  <reporter-output>
  </reporter-output>
  <suite started-at="2024-02-23T12:58:55Z" name="Default suite" finished-at="2024-02-23T12:59:10Z" duration-ms="15510">
    <groups>
    </groups>
    <test started-at="2024-02-23T12:58:55Z" name="Default test" finished-at="2024-02-23T12:59:10Z" duration-ms="15510">
      <class name="final_project.SelProject">
        <test-method is-config="true" signature="setup()[pri:0, instance:final_project.SelProject@38b27cdc]" started-at="2024-02-23T18:28:55Z" name="setup" finished-at="2024-02-23T18:28:59Z" duration-ms="3969" status="PASS">
          <reporter-output>
          </reporter-output>
        </test-method> <!-- setup -->
        <test-method signature="product1()[pri:0, instance:final_project.SelProject@38b27cdc]" started-at="2024-02-23T18:28:59Z" name="product1" finished-at="2024-02-23T18:29:03Z" duration-ms="3793" status="PASS">
          <reporter-output>
          </reporter-output>
        </test-method> <!-- product1 -->
        <test-method signature="product2()[pri:0, instance:final_project.SelProject@38b27cdc]" started-at="2024-02-23T18:29:03Z" name="product2" finished-at="2024-02-23T18:29:06Z" duration-ms="3132" status="PASS">
          <reporter-output>
          </reporter-output>
        </test-method> <!-- product2 -->
        <test-method signature="product3()[pri:0, instance:final_project.SelProject@38b27cdc]" started-at="2024-02-23T18:29:06Z" name="product3" finished-at="2024-02-23T18:29:10Z" duration-ms="4160" status="PASS">
          <reporter-output>
          </reporter-output>
        </test-method> <!-- product3 -->
        <test-method is-config="true" signature="teardown()[pri:0, instance:final_project.SelProject@38b27cdc]" started-at="2024-02-23T18:29:10Z" name="teardown" finished-at="2024-02-23T18:29:10Z" duration-ms="397" status="PASS">
          <reporter-output>
          </reporter-output>
        </test-method> <!-- teardown -->
      </class> <!-- final_project.SelProject -->
    </test> <!-- Default test -->
  </suite> <!-- Default suite -->
</testng-results>
